1 93 10540.00
3 38 12096.00
7 64 12416.00
9 24 12986.00
9 115 1290.00
9 123 11904.00
13 89 1271.00
13 127 9310.00
15 35 6600.00
15 118 5820.00
17 71 1344.00
17 130 832.00
19 16 714.00
19 76 266.00
23 42 9256.00
25 79 918.00
27 31 9984.00
29 127 15072.00
31 28 2288.00
31 96 1976.00
33 71 4360.00
33 108 3906.00
33 130 3080.00
37 67 4608.00
37 127 17664.00
39 134 546.00
43 9 7599.00
43 137 5967.00
45 23 2166.00
45 105 19.00
47 35 4896.00
48 123 6572.00
49 130 9954.00
50 6 696.00
50 10 6292.00
50 86 12474.00
50 133 4728.00
50 137 3016.00
54 133 966.00
54 134 924.00
56 71 10752.00
56 79 1106.00
56 130 6656.00
58 24 814.00
58 115 5476.00
60 127 1862.00
62 6 232.00
62 133 1576.00
64 108 612.00
70 112 5460.00
72 35 2436.00
72 41 35.00
74 137 12825.00
76 82 14134.00
80 64 5248.00
80 108 1178.00
82 9 1043.00
82 86 3078.00
82 137 819.00
84 23 8550.00
84 105 75.00
86 89 2635.00
86 134 4914.00
88 79 3930.00
90 24 4379.00
90 115 435.00
92 38 116.00
92 48 4292.00
92 61 1943.00
96 79 9954.00
96 86 8103.00
98 123 2624.00
102 89 344.00
103 108 2516.00
104 34 9435.00
104 57 14875.00
106 24 330.00
106 71 9156.00
106 115 2220.00
106 130 6468.00
108 82 1530.00
109 112 15652.00
111 64 17952.00
115 23 4260.00
115 82 2340.00
117 67 1920.00
117 127 7360.00
119 13 2760.00
119 72 1480.00
119 79 6106.00
120 150 0.00

