3 7 105.00
3 61 333.00
4 45 7308.00
5 116 1440.00
8 7 1995.00
8 61 6327.00
9 79 7448.00
11 22 713.00
12 41 5893.00
16 24 12628.00
18 94 5504.00
18 96 183.00
19 26 1860.00
22 57 481.00
22 77 5141.00
22 83 8536.00
23 6 6408.00
26 57 299.00
26 81 504.00
28 118 6390.00
30 44 3624.00
30 61 9408.00
31 20 1666.00
32 99 2573.00
34 42 6400.00
35 61 1680.00
36 116 14707.00
39 24 212.00
40 95 54.00
44 77 10767.00
46 26 4725.00
46 79 1330.00
48 40 17550.00
50 43 228.00
50 87 1140.00
50 119 9120.00
51 2 2261.00
53 81 1056.00
55 43 172.00
55 87 860.00
55 119 6880.00
57 61 580.00
57 63 1910.00
58 4 11780.00
61 79 558.00
62 97 2800.00
63 116 1440.00
65 59 14162.00
66 8 10656.00
67 97 960.00
69 40 3174.00
70 120 3240.00
71 114 8400.00
73 63 2128.00
74 81 12865.00
75 101 8385.00
79 81 5735.00
81 24 1908.00
83 97 453.00
83 98 5292.00
85 117 4140.00
87 58 6816.00
87 79 4332.00
87 120 14016.00
89 4 1518.00
91 83 2790.00
92 59 1750.00
93 2 2261.00
95 57 1984.00
96 83 1364.00
97 101 2279.00
99 44 1510.00
100 130 0.00

