1 81 2565.00
2 92 1298.00
4 80 7084.00
4 101 2816.00
5 53 54.00
8 22 2640.00
9 94 5986.00
10 87 1800.00
11 97 80.00
12 2 3367.00
14 36 17296.00
14 57 8178.00
18 16 24.00
19 37 2691.00
20 71 5626.00
21 36 1364.00
23 70 2793.00
25 104 3567.00
26 18 1188.00
27 50 4096.00
30 76 5848.00
31 110 8492.00
32 107 100.00
35 52 3408.00
36 97 1140.00
37 87 5244.00
38 18 1343.00
40 32 4588.00
41 87 3120.00
42 59 5605.00
42 88 11741.00
45 4 8610.00
45 34 656.00
46 67 3939.00
48 74 3348.00
50 37 3519.00
51 1 3780.00
52 15 4998.00
52 73 336.00
53 46 2700.00
54 9 5248.00
55 101 2522.00
57 107 5400.00
58 50 5632.00
59 43 1575.00
61 115 4692.00
62 87 11286.00
63 13 12727.00
63 111 3560.00
64 23 3454.00
66 29 4977.00
67 53 13041.00
68 105 125.00
70 1 4140.00
72 25 13851.00
73 85 4876.00
76 53 1647.00
77 5 3952.00
78 11 4872.00
81 39 3003.00
83 13 13871.00
83 111 3880.00
84 8 17028.00
84 87 2400.00
87 112 6006.00
89 108 17721.00
90 120 0.00

