9 85 2599.00
9 107 1357.00
10 26 1660.00
12 23 2604.00
17 59 12629.00
19 45 6549.00
21 42 276.00
21 64 3634.00
26 66 6030.00
27 14 1580.00
27 67 1580.00
28 54 14288.00
28 76 10184.00
30 40 6400.00
30 49 5520.00
36 45 15222.00
37 40 12555.00
37 61 7626.00
39 71 9126.00
39 80 4914.00
41 88 1113.00
41 109 8851.00
42 23 7308.00
42 45 5082.00
42 66 2613.00
44 83 7866.00
46 71 5940.00
46 92 3861.00
47 100 990.00
47 109 666.00
48 57 6080.00
48 78 950.00
54 26 1660.00
55 69 640.00
55 78 2976.00
57 88 42.00
57 109 334.00
59 105 1134.00
60 83 16587.00
62 21 8418.00
62 42 4692.00
66 16 4464.00
73 26 5976.00
77 11 5568.00
77 33 2112.00
78 2 1596.00
78 21 2196.00
78 42 1224.00
78 90 2730.00
80 59 4325.00
80 110 0.00

