1 33 2860.00
3 6 13944.00
3 67 14028.00
3 95 1900.00
5 60 184.00
10 6 9960.00
10 67 10020.00
12 29 8924.00
15 92 16065.00
17 26 5050.00
20 77 1157.00
24 26 9393.00
27 77 429.00
27 88 1419.00
29 11 12125.00
29 39 408.00
29 51 12028.00
34 33 1100.00
34 36 6325.00
36 19 1066.00
39 42 1782.00
39 74 7080.00
41 36 11385.00
44 19 2210.00
48 16 11926.00
49 5 756.00
51 39 1134.00
51 67 2700.00
51 78 1127.00
53 22 1886.00
58 39 8100.00
58 47 124.00
58 78 8050.00
61 22 3690.00
63 75 3672.00
66 19 13912.00
66 26 13818.00
68 81 2100.00
69 15 7744.00
69 23 7656.00
70 100 0.00

